<?xml version="1.0" encoding="UTF-8"?>
<!-- Generated by org.testng.reporters.JUnitXMLReporter -->
<testsuite ignored="0" hostname="DESKTOP-PJJT57R" failures="1" tests="1" name="EdgeTest" time="4.401" errors="0" timestamp="2025-07-23T19:05:04 IST">
  <testcase classname="Suite.OrderFlow" name="AccuPrice" time="0.0">
    <failure type="java.lang.RuntimeException" message="java.util.ConcurrentModificationException">
      <![CDATA[java.lang.RuntimeException: java.util.ConcurrentModificationException
at java.base/java.util.ArrayList.forEach(ArrayList.java:1596)
at java.base/java.util.concurrent.FutureTask.run(FutureTask.java:317)
at java.base/java.util.concurrent.ThreadPoolExecutor.runWorker(ThreadPoolExecutor.java:1144)
at java.base/java.util.concurrent.ThreadPoolExecutor$Worker.run(ThreadPoolExecutor.java:642)
at java.base/java.lang.Thread.run(Thread.java:1583)
Caused by: java.util.ConcurrentModificationException
at java.base/java.util.ArrayList$Itr.checkForComodification(ArrayList.java:1095)
at java.base/java.util.ArrayList$Itr.next(ArrayList.java:1049)
at org.apache.poi.hssf.model.LinkTable.findFirstRecordLocBySid(LinkTable.java:455)
at org.apache.poi.hssf.model.LinkTable.<init>(LinkTable.java:263)
at org.apache.poi.hssf.model.InternalWorkbook.getOrCreateLinkTable(InternalWorkbook.java:1761)
at org.apache.poi.hssf.model.InternalWorkbook.checkSheets(InternalWorkbook.java:737)
at org.apache.poi.hssf.model.InternalWorkbook.setSheetName(InternalWorkbook.java:581)
at org.apache.poi.hssf.usermodel.HSSFWorkbook.createSheet(HSSFWorkbook.java:794)
at Common.Commonclass.setupBeforeSuite(Commonclass.java:131)
at Common.Commonclass.initialize(Commonclass.java:100)
at Suite.OrderFlow.testParameterData(OrderFlow.java:2039)
... 19 more
... Removed 20 stack frames]]>
    </failure>
  </testcase> <!-- AccuPrice -->
</testsuite> <!-- EdgeTest -->
