<?xml version="1.0" encoding="UTF-8"?>
<!-- Generated by org.testng.reporters.JUnitXMLReporter -->
<testsuite ignored="0" hostname="DESKTOP-PJJT57R" failures="0" tests="59" name="Test" time="689.039" errors="0" timestamp="2025-07-25T20:45:05 IST">
  <testcase classname="Suite.OrderFlow" name="AccuPrice" time="0.014"/>
  <testcase classname="Suite.OrderFlow" name="AccuPrice" time="0.013"/>
  <testcase classname="Suite.OrderFlow" name="AccuPrice" time="0.004"/>
  <testcase classname="Suite.OrderFlow" name="AccuPrice" time="671.618"/>
  <testcase classname="Suite.OrderFlow" name="AccuPrice" time="0.019"/>
  <testcase classname="Suite.OrderFlow" name="AccuPrice" time="0.001"/>
  <testcase classname="Suite.OrderFlow" name="AccuPrice" time="0.004"/>
  <testcase classname="Suite.OrderFlow" name="AccuPrice" time="0.008"/>
  <testcase classname="Suite.OrderFlow" name="AccuPrice" time="0.005"/>
  <testcase classname="Suite.OrderFlow" name="AccuPrice" time="0.006"/>
  <testcase classname="Suite.OrderFlow" name="AccuPrice" time="0.001"/>
  <testcase classname="Suite.OrderFlow" name="AccuPrice" time="0.005"/>
  <testcase classname="Suite.OrderFlow" name="AccuPrice" time="0.008"/>
  <testcase classname="Suite.OrderFlow" name="AccuPrice" time="0.004"/>
  <testcase classname="Suite.OrderFlow" name="AccuPrice" time="0.002"/>
  <testcase classname="Suite.OrderFlow" name="AccuPrice" time="0.003"/>
  <testcase classname="Suite.OrderFlow" name="AccuPrice" time="0.004"/>
  <testcase classname="Suite.OrderFlow" name="AccuPrice" time="0.008"/>
  <testcase classname="Suite.OrderFlow" name="AccuPrice" time="0.001"/>
  <testcase classname="Suite.OrderFlow" name="AccuPrice" time="0.007"/>
  <testcase classname="Suite.OrderFlow" name="AccuPrice" time="0.005"/>
  <testcase classname="Suite.OrderFlow" name="AccuPrice" time="0.008"/>
  <testcase classname="Suite.OrderFlow" name="AccuPrice" time="0.005"/>
  <testcase classname="Suite.OrderFlow" name="AccuPrice" time="0.003"/>
  <testcase classname="Suite.OrderFlow" name="AccuPrice" time="0.004"/>
  <testcase classname="Suite.OrderFlow" name="AccuPrice" time="0.001"/>
  <testcase classname="Suite.OrderFlow" name="AccuPrice" time="0.004"/>
  <testcase classname="Suite.OrderFlow" name="AccuPrice" time="0.001"/>
  <testcase classname="Suite.OrderFlow" name="AccuPrice" time="0.004"/>
  <testcase classname="Suite.OrderFlow" name="AccuPrice" time="0.0"/>
  <testcase classname="Suite.OrderFlow" name="AccuPrice" time="0.002"/>
  <testcase classname="Suite.OrderFlow" name="AccuPrice" time="0.003"/>
  <testcase classname="Suite.OrderFlow" name="AccuPrice" time="0.004"/>
  <testcase classname="Suite.OrderFlow" name="AccuPrice" time="0.001"/>
  <testcase classname="Suite.OrderFlow" name="AccuPrice" time="0.007"/>
  <testcase classname="Suite.OrderFlow" name="AccuPrice" time="0.004"/>
  <testcase classname="Suite.OrderFlow" name="AccuPrice" time="0.002"/>
  <testcase classname="Suite.OrderFlow" name="AccuPrice" time="0.001"/>
  <testcase classname="Suite.OrderFlow" name="AccuPrice" time="0.002"/>
  <testcase classname="Suite.OrderFlow" name="AccuPrice" time="0.002"/>
  <testcase classname="Suite.OrderFlow" name="AccuPrice" time="0.003"/>
  <testcase classname="Suite.OrderFlow" name="AccuPrice" time="0.006"/>
  <testcase classname="Suite.OrderFlow" name="AccuPrice" time="0.003"/>
  <testcase classname="Suite.OrderFlow" name="AccuPrice" time="0.002"/>
  <testcase classname="Suite.OrderFlow" name="AccuPrice" time="0.0"/>
  <testcase classname="Suite.OrderFlow" name="AccuPrice" time="0.002"/>
  <testcase classname="Suite.OrderFlow" name="AccuPrice" time="0.004"/>
  <testcase classname="Suite.OrderFlow" name="AccuPrice" time="0.002"/>
  <testcase classname="Suite.OrderFlow" name="AccuPrice" time="0.0"/>
  <testcase classname="Suite.OrderFlow" name="AccuPrice" time="0.003"/>
  <testcase classname="Suite.OrderFlow" name="AccuPrice" time="0.004"/>
  <testcase classname="Suite.OrderFlow" name="AccuPrice" time="0.005"/>
  <testcase classname="Suite.OrderFlow" name="AccuPrice" time="0.001"/>
  <testcase classname="Suite.OrderFlow" name="AccuPrice" time="0.006"/>
  <testcase classname="Suite.OrderFlow" name="AccuPrice" time="0.01"/>
  <testcase classname="Suite.OrderFlow" name="AccuPrice" time="0.008"/>
  <testcase classname="Suite.OrderFlow" name="AccuPrice" time="0.001"/>
  <testcase classname="Suite.OrderFlow" name="AccuPrice" time="0.0"/>
  <testcase classname="Suite.OrderFlow" name="AccuPrice" time="0.001"/>
</testsuite> <!-- Test -->
