<?xml version="1.0" encoding="UTF-8"?>
<testng-results ignored="0" total="59" passed="59" failed="0" skipped="0">
  <reporter-output>
  </reporter-output>
  <suite started-at="2026-04-07T17:41:53 IST" name="Default suite" finished-at="2026-04-07T17:55:07 IST" duration-ms="793597">
    <groups>
    </groups>
    <test started-at="2026-04-07T17:41:53 IST" name="Default test" finished-at="2026-04-07T17:55:07 IST" duration-ms="793597">
      <class name="Suite.OrderFlow">
        <test-method is-config="true" signature="CreateFolder()[pri:0, instance:Suite.OrderFlow@6c4906d3]" started-at="2026-04-07T17:41:53 IST" name="CreateFolder" finished-at="2026-04-07T17:41:54 IST" duration-ms="1320" status="PASS">
          <reporter-output>
          </reporter-output>
        </test-method> <!-- CreateFolder -->
        <test-method is-config="true" signature="root()[pri:0, instance:Suite.OrderFlow@6c4906d3]" started-at="2026-04-07T17:41:54 IST" name="root" finished-at="2026-04-07T17:41:54 IST" duration-ms="1" status="PASS">
          <reporter-output>
          </reporter-output>
        </test-method> <!-- root -->
        <test-method signature="AccuPrice(java.lang.String,java.lang.String,java.lang.String,java.lang.String,java.lang.String,java.lang.String,java.lang.String,java.lang.String,java.lang.String,java.lang.String,java.lang.String,java.lang.String,java.lang.String,java.lang.String,java.lang.String,java.lang.String,java.lang.String,java.lang.String,java.lang.String,java.lang.String,java.lang.String,java.lang.String,java.lang.String,java.lang.String,java.lang.String,java.lang.String,java.lang.String,java.lang.String,java.lang.String,java.lang.String,java.lang.String,java.lang.String,java.lang.String,java.lang.String,java.lang.String,java.lang.String,java.lang.String,java.lang.String,java.lang.String,java.lang.String,java.lang.String,java.lang.String,java.lang.String,java.lang.String,java.lang.String,java.lang.String,java.lang.String,java.lang.String,java.lang.String,java.lang.String,java.lang.String,java.lang.String,java.lang.String,java.lang.String,java.lang.String,java.lang.String,java.lang.String,java.lang.String,java.lang.String,java.lang.String,java.lang.String,java.lang.String,java.lang.String,java.lang.String,java.lang.String)[pri:0, instance:Suite.OrderFlow@6c4906d3]" started-at="2026-04-07T17:41:55 IST" name="AccuPrice" data-provider="testParameterData" finished-at="2026-04-07T17:41:55 IST" duration-ms="20" status="PASS">
          <params>
            <param index="0">
              <value>
                <![CDATA[]]>
              </value>
            </param>
            <param index="1">
              <value>
                <![CDATA[Order BASE: "Dynamic xmpie_AT" & Item Price - Per Piece]]>
              </value>
            </param>
            <param index="2">
              <value>
                <![CDATA[]]>
              </value>
            </param>
            <param index="3">
              <value>
                <![CDATA[]]>
              </value>
            </param>
            <param index="4">
              <value>
                <![CDATA[]]>
              </value>
            </param>
            <param index="5">
              <value>
                <![CDATA[]]>
              </value>
            </param>
            <param index="6">
              <value>
                <![CDATA[]]>
              </value>
            </param>
            <param index="7">
              <value>
                <![CDATA[]]>
              </value>
            </param>
            <param index="8">
              <value>
                <![CDATA[]]>
              </value>
            </param>
            <param index="9">
              <value>
                <![CDATA[]]>
              </value>
            </param>
            <param index="10">
              <value>
                <![CDATA[]]>
              </value>
            </param>
            <param index="11">
              <value>
                <![CDATA[]]>
              </value>
            </param>
            <param index="12">
              <value>
                <![CDATA[]]>
              </value>
            </param>
            <param index="13">
              <value>
                <![CDATA[]]>
              </value>
            </param>
            <param index="14">
              <value>
                <![CDATA[]]>
              </value>
            </param>
            <param index="15">
              <value>
                <![CDATA[]]>
              </value>
            </param>
            <param index="16">
              <value>
                <![CDATA[]]>
              </value>
            </param>
            <param index="17">
              <value>
                <![CDATA[]]>
              </value>
            </param>
            <param index="18">
              <value>
                <![CDATA[]]>
              </value>
            </param>
            <param index="19">
              <value>
                <![CDATA[]]>
              </value>
            </param>
            <param index="20">
              <value>
                <![CDATA[]]>
              </value>
            </param>
            <param index="21">
              <value>
                <![CDATA[]]>
              </value>
            </param>
            <param index="22">
              <value>
                <![CDATA[]]>
              </value>
            </param>
            <param index="23">
              <value>
                <![CDATA[]]>
              </value>
            </param>
            <param index="24">
              <value>
                <![CDATA[]]>
              </value>
            </param>
            <param index="25">
              <value>
                <![CDATA[]]>
              </value>
            </param>
            <param index="26">
              <value>
                <![CDATA[]]>
              </value>
            </param>
            <param index="27">
              <value>
                <![CDATA[]]>
              </value>
            </param>
            <param index="28">
              <value>
                <![CDATA[]]>
              </value>
            </param>
            <param index="29">
              <value>
                <![CDATA[]]>
              </value>
            </param>
            <param index="30">
              <value>
                <![CDATA[]]>
              </value>
            </param>
            <param index="31">
              <value>
                <![CDATA[]]>
              </value>
            </param>
            <param index="32">
              <value>
                <![CDATA[]]>
              </value>
            </param>
            <param index="33">
              <value>
                <![CDATA[]]>
              </value>
            </param>
            <param index="34">
              <value>
                <![CDATA[]]>
              </value>
            </param>
            <param index="35">
              <value>
                <![CDATA[]]>
              </value>
            </param>
            <param index="36">
              <value>
                <![CDATA[]]>
              </value>
            </param>
            <param index="37">
              <value>
                <![CDATA[]]>
              </value>
            </param>
            <param index="38">
              <value>
                <![CDATA[]]>
              </value>
            </param>
            <param index="39">
              <value>
                <![CDATA[]]>
              </value>
            </param>
            <param index="40">
              <value>
                <![CDATA[]]>
              </value>
            </param>
            <param index="41">
              <value>
                <![CDATA[]]>
              </value>
            </param>
            <param index="42">
              <value>
                <![CDATA[]]>
              </value>
            </param>
            <param index="43">
              <value>
                <![CDATA[]]>
              </value>
            </param>
            <param index="44">
              <value>
                <![CDATA[]]>
              </value>
            </param>
            <param index="45">
              <value>
                <![CDATA[]]>
              </value>
            </param>
            <param index="46">
              <value>
                <![CDATA[]]>
              </value>
            </param>
            <param index="47">
              <value>
                <![CDATA[]]>
              </value>
            </param>
            <param index="48">
              <value>
                <![CDATA[]]>
              </value>
            </param>
            <param index="49">
              <value>
                <![CDATA[]]>
              </value>
            </param>
            <param index="50">
              <value>
                <![CDATA[]]>
              </value>
            </param>
            <param index="51">
              <value>
                <![CDATA[]]>
              </value>
            </param>
            <param index="52">
              <value>
                <![CDATA[]]>
              </value>
            </param>
            <param index="53">
              <value>
                <![CDATA[]]>
              </value>
            </param>
            <param index="54">
              <value>
                <![CDATA[]]>
              </value>
            </param>
            <param index="55">
              <value>
                <![CDATA[]]>
              </value>
            </param>
            <param index="56">
              <value>
                <![CDATA[]]>
              </value>
            </param>
            <param index="57">
              <value>
                <![CDATA[]]>
              </value>
            </param>
            <param index="58">
              <value>
                <![CDATA[]]>
              </value>
            </param>
            <param index="59">
              <value>
                <![CDATA[]]>
              </value>
            </param>
            <param index="60">
              <value>
                <![CDATA[]]>
              </value>
            </param>
            <param index="61">
              <value>
                <![CDATA[]]>
              </value>
            </param>
            <param index="62">
              <value>
                <![CDATA[]]>
              </value>
            </param>
            <param index="63">
              <value>
                <![CDATA[]]>
              </value>
            </param>
            <param index="64">
              <value>
                <![CDATA[]]>
              </value>
            </param>
          </params>
          <reporter-output>
          </reporter-output>
        </test-method> <!-- AccuPrice -->
        <test-method signature="AccuPrice(java.lang.String,java.lang.String,java.lang.String,java.lang.String,java.lang.String,java.lang.String,java.lang.String,java.lang.String,java.lang.String,java.lang.String,java.lang.String,java.lang.String,java.lang.String,java.lang.String,java.lang.String,java.lang.String,java.lang.String,java.lang.String,java.lang.String,java.lang.String,java.lang.String,java.lang.String,java.lang.String,java.lang.String,java.lang.String,java.lang.String,java.lang.String,java.lang.String,java.lang.String,java.lang.String,java.lang.String,java.lang.String,java.lang.String,java.lang.String,java.lang.String,java.lang.String,java.lang.String,java.lang.String,java.lang.String,java.lang.String,java.lang.String,java.lang.String,java.lang.String,java.lang.String,java.lang.String,java.lang.String,java.lang.String,java.lang.String,java.lang.String,java.lang.String,java.lang.String,java.lang.String,java.lang.String,java.lang.String,java.lang.String,java.lang.String,java.lang.String,java.lang.String,java.lang.String,java.lang.String,java.lang.String,java.lang.String,java.lang.String,java.lang.String,java.lang.String)[pri:0, instance:Suite.OrderFlow@6c4906d3]" started-at="2026-04-07T17:41:55 IST" name="AccuPrice" data-provider="testParameterData" finished-at="2026-04-07T17:41:55 IST" duration-ms="11" status="PASS">
          <params>
            <param index="0">
              <value>
                <![CDATA[1.0]]>
              </value>
            </param>
            <param index="1">
              <value>
                <![CDATA[2 Decimal point]]>
              </value>
            </param>
            <param index="2">
              <value>
                <![CDATA[Dynamic xmpie_AT]]>
              </value>
            </param>
            <param index="3">
              <value>
                <![CDATA[ShipToMyAddress]]>
              </value>
            </param>
            <param index="4">
              <value>
                <![CDATA[Order]]>
              </value>
            </param>
            <param index="5">
              <value>
                <![CDATA[Billing]]>
              </value>
            </param>
            <param index="6">
              <value>
                <![CDATA[]]>
              </value>
            </param>
            <param index="7">
              <value>
                <![CDATA[YES]]>
              </value>
            </param>
            <param index="8">
              <value>
                <![CDATA[YES]]>
              </value>
            </param>
            <param index="9">
              <value>
                <![CDATA[Check_Consolidated_100]]>
              </value>
            </param>
            <param index="10">
              <value>
                <![CDATA[Custom Tax_ON]]>
              </value>
            </param>
            <param index="11">
              <value>
                <![CDATA[ON]]>
              </value>
            </param>
            <param index="12">
              <value>
                <![CDATA[NO_YES]]>
              </value>
            </param>
            <param index="13">
              <value>
                <![CDATA[0.0]]>
              </value>
            </param>
            <param index="14">
              <value>
                <![CDATA[1.0]]>
              </value>
            </param>
            <param index="15">
              <value>
                <![CDATA[1.98]]>
              </value>
            </param>
            <param index="16">
              <value>
                <![CDATA[0.0]]>
              </value>
            </param>
            <param index="17">
              <value>
                <![CDATA[0.0]]>
              </value>
            </param>
            <param index="18">
              <value>
                <![CDATA[1.98]]>
              </value>
            </param>
            <param index="19">
              <value>
                <![CDATA[N]]>
              </value>
            </param>
            <param index="20">
              <value>
                <![CDATA[0.0]]>
              </value>
            </param>
            <param index="21">
              <value>
                <![CDATA[0.0]]>
              </value>
            </param>
            <param index="22">
              <value>
                <![CDATA[0.45]]>
              </value>
            </param>
            <param index="23">
              <value>
                <![CDATA[0.0]]>
              </value>
            </param>
            <param index="24">
              <value>
                <![CDATA[2.43]]>
              </value>
            </param>
            <param index="25">
              <value>
                <![CDATA[N]]>
              </value>
            </param>
            <param index="26">
              <value>
                <![CDATA[0.0]]>
              </value>
            </param>
            <param index="27">
              <value>
                <![CDATA[0.0]]>
              </value>
            </param>
            <param index="28">
              <value>
                <![CDATA[7.85]]>
              </value>
            </param>
            <param index="29">
              <value>
                <![CDATA[0.0]]>
              </value>
            </param>
            <param index="30">
              <value>
                <![CDATA[4.66]]>
              </value>
            </param>
            <param index="31">
              <value>
                <![CDATA[54.62]]>
              </value>
            </param>
            <param index="32">
              <value>
                <![CDATA[63.96]]>
              </value>
            </param>
            <param index="33">
              <value>
                <![CDATA[2.0]]>
              </value>
            </param>
            <param index="34">
              <value>
                <![CDATA[4.0]]>
              </value>
            </param>
            <param index="35">
              <value>
                <![CDATA[--Select--]]>
              </value>
            </param>
            <param index="36">
              <value>
                <![CDATA[0.0]]>
              </value>
            </param>
            <param index="37">
              <value>
                <![CDATA[2.0]]>
              </value>
            </param>
            <param index="38">
              <value>
                <![CDATA[Yes]]>
              </value>
            </param>
            <param index="39">
              <value>
                <![CDATA[Yes]]>
              </value>
            </param>
            <param index="40">
              <value>
                <![CDATA[0.0]]>
              </value>
            </param>
            <param index="41">
              <value>
                <![CDATA[54.62]]>
              </value>
            </param>
            <param index="42">
              <value>
                <![CDATA[0.45]]>
              </value>
            </param>
            <param index="43">
              <value>
                <![CDATA[0.0]]>
              </value>
            </param>
            <param index="44">
              <value>
                <![CDATA[0.0]]>
              </value>
            </param>
            <param index="45">
              <value>
                <![CDATA[0.0]]>
              </value>
            </param>
            <param index="46">
              <value>
                <![CDATA[0.0]]>
              </value>
            </param>
            <param index="47">
              <value>
                <![CDATA[0.0]]>
              </value>
            </param>
            <param index="48">
              <value>
                <![CDATA[0.0]]>
              </value>
            </param>
            <param index="49">
              <value>
                <![CDATA[]]>
              </value>
            </param>
            <param index="50">
              <value>
                <![CDATA[]]>
              </value>
            </param>
            <param index="51">
              <value>
                <![CDATA[]]>
              </value>
            </param>
            <param index="52">
              <value>
                <![CDATA[]]>
              </value>
            </param>
            <param index="53">
              <value>
                <![CDATA[2.25]]>
              </value>
            </param>
            <param index="54">
              <value>
                <![CDATA[2.25]]>
              </value>
            </param>
            <param index="55">
              <value>
                <![CDATA[N]]>
              </value>
            </param>
            <param index="56">
              <value>
                <![CDATA[N]]>
              </value>
            </param>
            <param index="57">
              <value>
                <![CDATA[0.0]]>
              </value>
            </param>
            <param index="58">
              <value>
                <![CDATA[0.0]]>
              </value>
            </param>
            <param index="59">
              <value>
                <![CDATA[0.0]]>
              </value>
            </param>
            <param index="60">
              <value>
                <![CDATA[NO]]>
              </value>
            </param>
            <param index="61">
              <value>
                <![CDATA[NO]]>
              </value>
            </param>
            <param index="62">
              <value>
                <![CDATA[NO]]>
              </value>
            </param>
            <param index="63">
              <value>
                <![CDATA[]]>
              </value>
            </param>
            <param index="64">
              <value>
                <![CDATA[NO]]>
              </value>
            </param>
          </params>
          <reporter-output>
          </reporter-output>
        </test-method> <!-- AccuPrice -->
        <test-method signature="AccuPrice(java.lang.String,java.lang.String,java.lang.String,java.lang.String,java.lang.String,java.lang.String,java.lang.String,java.lang.String,java.lang.String,java.lang.String,java.lang.String,java.lang.String,java.lang.String,java.lang.String,java.lang.String,java.lang.String,java.lang.String,java.lang.String,java.lang.String,java.lang.String,java.lang.String,java.lang.String,java.lang.String,java.lang.String,java.lang.String,java.lang.String,java.lang.String,java.lang.String,java.lang.String,java.lang.String,java.lang.String,java.lang.String,java.lang.String,java.lang.String,java.lang.String,java.lang.String,java.lang.String,java.lang.String,java.lang.String,java.lang.String,java.lang.String,java.lang.String,java.lang.String,java.lang.String,java.lang.String,java.lang.String,java.lang.String,java.lang.String,java.lang.String,java.lang.String,java.lang.String,java.lang.String,java.lang.String,java.lang.String,java.lang.String,java.lang.String,java.lang.String,java.lang.String,java.lang.String,java.lang.String,java.lang.String,java.lang.String,java.lang.String,java.lang.String,java.lang.String)[pri:0, instance:Suite.OrderFlow@6c4906d3]" started-at="2026-04-07T17:41:55 IST" name="AccuPrice" data-provider="testParameterData" finished-at="2026-04-07T17:41:55 IST" duration-ms="7" status="PASS">
          <params>
            <param index="0">
              <value>
                <![CDATA[2.0]]>
              </value>
            </param>
            <param index="1">
              <value>
                <![CDATA[3 Decimal point]]>
              </value>
            </param>
            <param index="2">
              <value>
                <![CDATA[Dynamic xmpie_AT]]>
              </value>
            </param>
            <param index="3">
              <value>
                <![CDATA[ShipToMyAddress]]>
              </value>
            </param>
            <param index="4">
              <value>
                <![CDATA[Order]]>
              </value>
            </param>
            <param index="5">
              <value>
                <![CDATA[Billing]]>
              </value>
            </param>
            <param index="6">
              <value>
                <![CDATA[]]>
              </value>
            </param>
            <param index="7">
              <value>
                <![CDATA[NO]]>
              </value>
            </param>
            <param index="8">
              <value>
                <![CDATA[NO]]>
              </value>
            </param>
            <param index="9">
              <value>
                <![CDATA[Check_Consolidated_45]]>
              </value>
            </param>
            <param index="10">
              <value>
                <![CDATA[Custom Tax_ON]]>
              </value>
            </param>
            <param index="11">
              <value>
                <![CDATA[ON]]>
              </value>
            </param>
            <param index="12">
              <value>
                <![CDATA[NO_YES]]>
              </value>
            </param>
            <param index="13">
              <value>
                <![CDATA[0.0]]>
              </value>
            </param>
            <param index="14">
              <value>
                <![CDATA[50.0]]>
              </value>
            </param>
            <param index="15">
              <value>
                <![CDATA[12.742]]>
              </value>
            </param>
            <param index="16">
              <value>
                <![CDATA[0.0]]>
              </value>
            </param>
            <param index="17">
              <value>
                <![CDATA[0.0]]>
              </value>
            </param>
            <param index="18">
              <value>
                <![CDATA[637.1]]>
              </value>
            </param>
            <param index="19">
              <value>
                <![CDATA[N]]>
              </value>
            </param>
            <param index="20">
              <value>
                <![CDATA[0.0]]>
              </value>
            </param>
            <param index="21">
              <value>
                <![CDATA[0.0]]>
              </value>
            </param>
            <param index="22">
              <value>
                <![CDATA[1.231]]>
              </value>
            </param>
            <param index="23">
              <value>
                <![CDATA[0.0]]>
              </value>
            </param>
            <param index="24">
              <value>
                <![CDATA[698.65]]>
              </value>
            </param>
            <param index="25">
              <value>
                <![CDATA[N]]>
              </value>
            </param>
            <param index="26">
              <value>
                <![CDATA[0.0]]>
              </value>
            </param>
            <param index="27">
              <value>
                <![CDATA[0.0]]>
              </value>
            </param>
            <param index="28">
              <value>
                <![CDATA[8.12]]>
              </value>
            </param>
            <param index="29">
              <value>
                <![CDATA[0.0]]>
              </value>
            </param>
            <param index="30">
              <value>
                <![CDATA[96.124]]>
              </value>
            </param>
            <param index="31">
              <value>
                <![CDATA[9.567]]>
              </value>
            </param>
            <param index="32">
              <value>
                <![CDATA[1279.913]]>
              </value>
            </param>
            <param index="33">
              <value>
                <![CDATA[3.0]]>
              </value>
            </param>
            <param index="34">
              <value>
                <![CDATA[2.0]]>
              </value>
            </param>
            <param index="35">
              <value>
                <![CDATA[--Select--]]>
              </value>
            </param>
            <param index="36">
              <value>
                <![CDATA[0.0]]>
              </value>
            </param>
            <param index="37">
              <value>
                <![CDATA[3.0]]>
              </value>
            </param>
            <param index="38">
              <value>
                <![CDATA[Yes]]>
              </value>
            </param>
            <param index="39">
              <value>
                <![CDATA[Yes]]>
              </value>
            </param>
            <param index="40">
              <value>
                <![CDATA[0.0]]>
              </value>
            </param>
            <param index="41">
              <value>
                <![CDATA[478.35]]>
              </value>
            </param>
            <param index="42">
              <value>
                <![CDATA[61.55]]>
              </value>
            </param>
            <param index="43">
              <value>
                <![CDATA[0.0]]>
              </value>
            </param>
            <param index="44">
              <value>
                <![CDATA[0.0]]>
              </value>
            </param>
            <param index="45">
              <value>
                <![CDATA[0.0]]>
              </value>
            </param>
            <param index="46">
              <value>
                <![CDATA[0.0]]>
              </value>
            </param>
            <param index="47">
              <value>
                <![CDATA[0.0]]>
              </value>
            </param>
            <param index="48">
              <value>
                <![CDATA[0.0]]>
              </value>
            </param>
            <param index="49">
              <value>
                <![CDATA[]]>
              </value>
            </param>
            <param index="50">
              <value>
                <![CDATA[]]>
              </value>
            </param>
            <param index="51">
              <value>
                <![CDATA[]]>
              </value>
            </param>
            <param index="52">
              <value>
                <![CDATA[]]>
              </value>
            </param>
            <param index="53">
              <value>
                <![CDATA[6.789]]>
              </value>
            </param>
            <param index="54">
              <value>
                <![CDATA[6.789]]>
              </value>
            </param>
            <param index="55">
              <value>
                <![CDATA[N]]>
              </value>
            </param>
            <param index="56">
              <value>
                <![CDATA[N]]>
              </value>
            </param>
            <param index="57">
              <value>
                <![CDATA[0.0]]>
              </value>
            </param>
            <param index="58">
              <value>
                <![CDATA[0.0]]>
              </value>
            </param>
            <param index="59">
              <value>
                <![CDATA[0.0]]>
              </value>
            </param>
            <param index="60">
              <value>
                <![CDATA[NO]]>
              </value>
            </param>
            <param index="61">
              <value>
                <![CDATA[NO]]>
              </value>
            </param>
            <param index="62">
              <value>
                <![CDATA[NO]]>
              </value>
            </param>
            <param index="63">
              <value>
                <![CDATA[]]>
              </value>
            </param>
            <param index="64">
              <value>
                <![CDATA[NO]]>
              </value>
            </param>
          </params>
          <reporter-output>
          </reporter-output>
        </test-method> <!-- AccuPrice -->
        <test-method signature="AccuPrice(java.lang.String,java.lang.String,java.lang.String,java.lang.String,java.lang.String,java.lang.String,java.lang.String,java.lang.String,java.lang.String,java.lang.String,java.lang.String,java.lang.String,java.lang.String,java.lang.String,java.lang.String,java.lang.String,java.lang.String,java.lang.String,java.lang.String,java.lang.String,java.lang.String,java.lang.String,java.lang.String,java.lang.String,java.lang.String,java.lang.String,java.lang.String,java.lang.String,java.lang.String,java.lang.String,java.lang.String,java.lang.String,java.lang.String,java.lang.String,java.lang.String,java.lang.String,java.lang.String,java.lang.String,java.lang.String,java.lang.String,java.lang.String,java.lang.String,java.lang.String,java.lang.String,java.lang.String,java.lang.String,java.lang.String,java.lang.String,java.lang.String,java.lang.String,java.lang.String,java.lang.String,java.lang.String,java.lang.String,java.lang.String,java.lang.String,java.lang.String,java.lang.String,java.lang.String,java.lang.String,java.lang.String,java.lang.String,java.lang.String,java.lang.String,java.lang.String)[pri:0, instance:Suite.OrderFlow@6c4906d3]" started-at="2026-04-07T17:41:55 IST" name="AccuPrice" data-provider="testParameterData" finished-at="2026-04-07T17:41:55 IST" duration-ms="14" status="PASS">
          <params>
            <param index="0">
              <value>
                <![CDATA[3.0]]>
              </value>
            </param>
            <param index="1">
              <value>
                <![CDATA[4 Decimal point]]>
              </value>
            </param>
            <param index="2">
              <value>
                <![CDATA[Dynamic xmpie_AT]]>
              </value>
            </param>
            <param index="3">
              <value>
                <![CDATA[ShipmentWithList]]>
              </value>
            </param>
            <param index="4">
              <value>
                <![CDATA[Order]]>
              </value>
            </param>
            <param index="5">
              <value>
                <![CDATA[Billing]]>
              </value>
            </param>
            <param index="6">
              <value>
                <![CDATA[]]>
              </value>
            </param>
            <param index="7">
              <value>
                <![CDATA[YES]]>
              </value>
            </param>
            <param index="8">
              <value>
                <![CDATA[YES]]>
              </value>
            </param>
            <param index="9">
              <value>
                <![CDATA[Check_Consolidated_46]]>
              </value>
            </param>
            <param index="10">
              <value>
                <![CDATA[Custom Tax_ON]]>
              </value>
            </param>
            <param index="11">
              <value>
                <![CDATA[ON]]>
              </value>
            </param>
            <param index="12">
              <value>
                <![CDATA[NO_YES]]>
              </value>
            </param>
            <param index="13">
              <value>
                <![CDATA[0.0]]>
              </value>
            </param>
            <param index="14">
              <value>
                <![CDATA[7.0]]>
              </value>
            </param>
            <param index="15">
              <value>
                <![CDATA[0.6421]]>
              </value>
            </param>
            <param index="16">
              <value>
                <![CDATA[0.0]]>
              </value>
            </param>
            <param index="17">
              <value>
                <![CDATA[0.0]]>
              </value>
            </param>
            <param index="18">
              <value>
                <![CDATA[4.4947]]>
              </value>
            </param>
            <param index="19">
              <value>
                <![CDATA[N]]>
              </value>
            </param>
            <param index="20">
              <value>
                <![CDATA[0.0]]>
              </value>
            </param>
            <param index="21">
              <value>
                <![CDATA[0.0]]>
              </value>
            </param>
            <param index="22">
              <value>
                <![CDATA[2.2356]]>
              </value>
            </param>
            <param index="23">
              <value>
                <![CDATA[0.0]]>
              </value>
            </param>
            <param index="24">
              <value>
                <![CDATA[20.1439]]>
              </value>
            </param>
            <param index="25">
              <value>
                <![CDATA[N]]>
              </value>
            </param>
            <param index="26">
              <value>
                <![CDATA[0.0]]>
              </value>
            </param>
            <param index="27">
              <value>
                <![CDATA[0.0]]>
              </value>
            </param>
            <param index="28">
              <value>
                <![CDATA[9.65]]>
              </value>
            </param>
            <param index="29">
              <value>
                <![CDATA[0.0]]>
              </value>
            </param>
            <param index="30">
              <value>
                <![CDATA[10.7178]]>
              </value>
            </param>
            <param index="31">
              <value>
                <![CDATA[12.4321]]>
              </value>
            </param>
            <param index="32">
              <value>
                <![CDATA[121.7831]]>
              </value>
            </param>
            <param index="33">
              <value>
                <![CDATA[4.0]]>
              </value>
            </param>
            <param index="34">
              <value>
                <![CDATA[3.0]]>
              </value>
            </param>
            <param index="35">
              <value>
                <![CDATA[--Select--]]>
              </value>
            </param>
            <param index="36">
              <value>
                <![CDATA[0.0]]>
              </value>
            </param>
            <param index="37">
              <value>
                <![CDATA[4.0]]>
              </value>
            </param>
            <param index="38">
              <value>
                <![CDATA[Yes]]>
              </value>
            </param>
            <param index="39">
              <value>
                <![CDATA[Yes]]>
              </value>
            </param>
            <param index="40">
              <value>
                <![CDATA[0.0]]>
              </value>
            </param>
            <param index="41">
              <value>
                <![CDATA[87.0247]]>
              </value>
            </param>
            <param index="42">
              <value>
                <![CDATA[15.6492]]>
              </value>
            </param>
            <param index="43">
              <value>
                <![CDATA[0.0]]>
              </value>
            </param>
            <param index="44">
              <value>
                <![CDATA[0.0]]>
              </value>
            </param>
            <param index="45">
              <value>
                <![CDATA[0.0]]>
              </value>
            </param>
            <param index="46">
              <value>
                <![CDATA[0.0]]>
              </value>
            </param>
            <param index="47">
              <value>
                <![CDATA[0.0]]>
              </value>
            </param>
            <param index="48">
              <value>
                <![CDATA[0.0]]>
              </value>
            </param>
            <param index="49">
              <value>
                <![CDATA[]]>
              </value>
            </param>
            <param index="50">
              <value>
                <![CDATA[]]>
              </value>
            </param>
            <param index="51">
              <value>
                <![CDATA[]]>
              </value>
            </param>
            <param index="52">
              <value>
                <![CDATA[]]>
              </value>
            </param>
            <param index="53">
              <value>
                <![CDATA[3.8967]]>
              </value>
            </param>
            <param index="54">
              <value>
                <![CDATA[3.8967]]>
              </value>
            </param>
            <param index="55">
              <value>
                <![CDATA[N]]>
              </value>
            </param>
            <param index="56">
              <value>
                <![CDATA[N]]>
              </value>
            </param>
            <param index="57">
              <value>
                <![CDATA[0.0]]>
              </value>
            </param>
            <param index="58">
              <value>
                <![CDATA[0.0]]>
              </value>
            </param>
            <param index="59">
              <value>
                <![CDATA[0.0]]>
              </value>
            </param>
            <param index="60">
              <value>
                <![CDATA[NO]]>
              </value>
            </param>
            <param index="61">
              <value>
                <![CDATA[NO]]>
              </value>
            </param>
            <param index="62">
              <value>
                <![CDATA[NO]]>
              </value>
            </param>
            <param index="63">
              <value>
                <![CDATA[]]>
              </value>
            </param>
            <param index="64">
              <value>
                <![CDATA[NO]]>
              </value>
            </param>
          </params>
          <reporter-output>
          </reporter-output>
        </test-method> <!-- AccuPrice -->
        <test-method signature="AccuPrice(java.lang.String,java.lang.String,java.lang.String,java.lang.String,java.lang.String,java.lang.String,java.lang.String,java.lang.String,java.lang.String,java.lang.String,java.lang.String,java.lang.String,java.lang.String,java.lang.String,java.lang.String,java.lang.String,java.lang.String,java.lang.String,java.lang.String,java.lang.String,java.lang.String,java.lang.String,java.lang.String,java.lang.String,java.lang.String,java.lang.String,java.lang.String,java.lang.String,java.lang.String,java.lang.String,java.lang.String,java.lang.String,java.lang.String,java.lang.String,java.lang.String,java.lang.String,java.lang.String,java.lang.String,java.lang.String,java.lang.String,java.lang.String,java.lang.String,java.lang.String,java.lang.String,java.lang.String,java.lang.String,java.lang.String,java.lang.String,java.lang.String,java.lang.String,java.lang.String,java.lang.String,java.lang.String,java.lang.String,java.lang.String,java.lang.String,java.lang.String,java.lang.String,java.lang.String,java.lang.String,java.lang.String,java.lang.String,java.lang.String,java.lang.String,java.lang.String)[pri:0, instance:Suite.OrderFlow@6c4906d3]" started-at="2026-04-07T17:41:55 IST" name="AccuPrice" data-provider="testParameterData" finished-at="2026-04-07T17:55:06 IST" duration-ms="790758" status="PASS">
          <params>
            <param index="0">
              <value>
                <![CDATA[4.0]]>
              </value>
            </param>
            <param index="1">
              <value>
                <![CDATA[2 Decimal point]]>
              </value>
            </param>
            <param index="2">
              <value>
                <![CDATA[Dynamic xmpie_AT]]>
              </value>
            </param>
            <param index="3">
              <value>
                <![CDATA[Download]]>
              </value>
            </param>
            <param index="4">
              <value>
                <![CDATA[Order]]>
              </value>
            </param>
            <param index="5">
              <value>
                <![CDATA[Billing]]>
              </value>
            </param>
            <param index="6">
              <value>
                <![CDATA[]]>
              </value>
            </param>
            <param index="7">
              <value>
                <![CDATA[YES]]>
              </value>
            </param>
            <param index="8">
              <value>
                <![CDATA[]]>
              </value>
            </param>
            <param index="9">
              <value>
                <![CDATA[Check_Consolidated_47]]>
              </value>
            </param>
            <param index="10">
              <value>
                <![CDATA[Custom Tax_ON]]>
              </value>
            </param>
            <param index="11">
              <value>
                <![CDATA[ON]]>
              </value>
            </param>
            <param index="12">
              <value>
                <![CDATA[NO_YES]]>
              </value>
            </param>
            <param index="13">
              <value>
                <![CDATA[0.0]]>
              </value>
            </param>
            <param index="14">
              <value>
                <![CDATA[1.0]]>
              </value>
            </param>
            <param index="15">
              <value>
                <![CDATA[0.0]]>
              </value>
            </param>
            <param index="16">
              <value>
                <![CDATA[0.0]]>
              </value>
            </param>
            <param index="17">
              <value>
                <![CDATA[10.234]]>
              </value>
            </param>
            <param index="18">
              <value>
                <![CDATA[10.23]]>
              </value>
            </param>
            <param index="19">
              <value>
                <![CDATA[N]]>
              </value>
            </param>
            <param index="20">
              <value>
                <![CDATA[0.0]]>
              </value>
            </param>
            <param index="21">
              <value>
                <![CDATA[0.0]]>
              </value>
            </param>
            <param index="22">
              <value>
                <![CDATA[0.0]]>
              </value>
            </param>
            <param index="23">
              <value>
                <![CDATA[0.0]]>
              </value>
            </param>
            <param index="24">
              <value>
                <![CDATA[10.23]]>
              </value>
            </param>
            <param index="25">
              <value>
                <![CDATA[N]]>
              </value>
            </param>
            <param index="26">
              <value>
                <![CDATA[0.0]]>
              </value>
            </param>
            <param index="27">
              <value>
                <![CDATA[0.0]]>
              </value>
            </param>
            <param index="28">
              <value>
                <![CDATA[7.85]]>
              </value>
            </param>
            <param index="29">
              <value>
                <![CDATA[0.0]]>
              </value>
            </param>
            <param index="30">
              <value>
                <![CDATA[0.8]]>
              </value>
            </param>
            <param index="31">
              <value>
                <![CDATA[0.0]]>
              </value>
            </param>
            <param index="32">
              <value>
                <![CDATA[11.03]]>
              </value>
            </param>
            <param index="33">
              <value>
                <![CDATA[2.0]]>
              </value>
            </param>
            <param index="34">
              <value>
                <![CDATA[4.0]]>
              </value>
            </param>
            <param index="35">
              <value>
                <![CDATA[--Select--]]>
              </value>
            </param>
            <param index="36">
              <value>
                <![CDATA[0.0]]>
              </value>
            </param>
            <param index="37">
              <value>
                <![CDATA[2.0]]>
              </value>
            </param>
            <param index="38">
              <value>
                <![CDATA[Yes]]>
              </value>
            </param>
            <param index="39">
              <value>
                <![CDATA[Yes]]>
              </value>
            </param>
            <param index="40">
              <value>
                <![CDATA[0.0]]>
              </value>
            </param>
            <param index="41">
              <value>
                <![CDATA[0.0]]>
              </value>
            </param>
            <param index="42">
              <value>
                <![CDATA[0.0]]>
              </value>
            </param>
            <param index="43">
              <value>
                <![CDATA[0.0]]>
              </value>
            </param>
            <param index="44">
              <value>
                <![CDATA[0.0]]>
              </value>
            </param>
            <param index="45">
              <value>
                <![CDATA[0.0]]>
              </value>
            </param>
            <param index="46">
              <value>
                <![CDATA[0.0]]>
              </value>
            </param>
            <param index="47">
              <value>
                <![CDATA[0.0]]>
              </value>
            </param>
            <param index="48">
              <value>
                <![CDATA[0.0]]>
              </value>
            </param>
            <param index="49">
              <value>
                <![CDATA[]]>
              </value>
            </param>
            <param index="50">
              <value>
                <![CDATA[]]>
              </value>
            </param>
            <param index="51">
              <value>
                <![CDATA[]]>
              </value>
            </param>
            <param index="52">
              <value>
                <![CDATA[]]>
              </value>
            </param>
            <param index="53">
              <value>
                <![CDATA[0.0]]>
              </value>
            </param>
            <param index="54">
              <value>
                <![CDATA[0.0]]>
              </value>
            </param>
            <param index="55">
              <value>
                <![CDATA[N]]>
              </value>
            </param>
            <param index="56">
              <value>
                <![CDATA[N]]>
              </value>
            </param>
            <param index="57">
              <value>
                <![CDATA[0.0]]>
              </value>
            </param>
            <param index="58">
              <value>
                <![CDATA[0.0]]>
              </value>
            </param>
            <param index="59">
              <value>
                <![CDATA[0.0]]>
              </value>
            </param>
            <param index="60">
              <value>
                <![CDATA[NO]]>
              </value>
            </param>
            <param index="61">
              <value>
                <![CDATA[NO]]>
              </value>
            </param>
            <param index="62">
              <value>
                <![CDATA[NO]]>
              </value>
            </param>
            <param index="63">
              <value>
                <![CDATA[]]>
              </value>
            </param>
            <param index="64">
              <value>
                <![CDATA[NO]]>
              </value>
            </param>
          </params>
          <reporter-output>
          </reporter-output>
        </test-method> <!-- AccuPrice -->
        <test-method signature="AccuPrice(java.lang.String,java.lang.String,java.lang.String,java.lang.String,java.lang.String,java.lang.String,java.lang.String,java.lang.String,java.lang.String,java.lang.String,java.lang.String,java.lang.String,java.lang.String,java.lang.String,java.lang.String,java.lang.String,java.lang.String,java.lang.String,java.lang.String,java.lang.String,java.lang.String,java.lang.String,java.lang.String,java.lang.String,java.lang.String,java.lang.String,java.lang.String,java.lang.String,java.lang.String,java.lang.String,java.lang.String,java.lang.String,java.lang.String,java.lang.String,java.lang.String,java.lang.String,java.lang.String,java.lang.String,java.lang.String,java.lang.String,java.lang.String,java.lang.String,java.lang.String,java.lang.String,java.lang.String,java.lang.String,java.lang.String,java.lang.String,java.lang.String,java.lang.String,java.lang.String,java.lang.String,java.lang.String,java.lang.String,java.lang.String,java.lang.String,java.lang.String,java.lang.String,java.lang.String,java.lang.String,java.lang.String,java.lang.String,java.lang.String,java.lang.String,java.lang.String)[pri:0, instance:Suite.OrderFlow@6c4906d3]" started-at="2026-04-07T17:55:06 IST" name="AccuPrice" data-provider="testParameterData" finished-at="2026-04-07T17:55:06 IST" duration-ms="7" status="PASS">
          <params>
            <param index="0">
              <value>
                <![CDATA[]]>
              </value>
            </param>
            <param index="1">
              <value>
                <![CDATA[Order BASE: "Dynamic xmpie_AT" & Item Price - Flat Rate]]>
              </value>
            </param>
            <param index="2">
              <value>
                <![CDATA[]]>
              </value>
            </param>
            <param index="3">
              <value>
                <![CDATA[]]>
              </value>
            </param>
            <param index="4">
              <value>
                <![CDATA[]]>
              </value>
            </param>
            <param index="5">
              <value>
                <![CDATA[]]>
              </value>
            </param>
            <param index="6">
              <value>
                <![CDATA[]]>
              </value>
            </param>
            <param index="7">
              <value>
                <![CDATA[]]>
              </value>
            </param>
            <param index="8">
              <value>
                <![CDATA[]]>
              </value>
            </param>
            <param index="9">
              <value>
                <![CDATA[]]>
              </value>
            </param>
            <param index="10">
              <value>
                <![CDATA[]]>
              </value>
            </param>
            <param index="11">
              <value>
                <![CDATA[]]>
              </value>
            </param>
            <param index="12">
              <value>
                <![CDATA[]]>
              </value>
            </param>
            <param index="13">
              <value>
                <![CDATA[]]>
              </value>
            </param>
            <param index="14">
              <value>
                <![CDATA[]]>
              </value>
            </param>
            <param index="15">
              <value>
                <![CDATA[]]>
              </value>
            </param>
            <param index="16">
              <value>
                <![CDATA[]]>
              </value>
            </param>
            <param index="17">
              <value>
                <![CDATA[]]>
              </value>
            </param>
            <param index="18">
              <value>
                <![CDATA[]]>
              </value>
            </param>
            <param index="19">
              <value>
                <![CDATA[]]>
              </value>
            </param>
            <param index="20">
              <value>
                <![CDATA[]]>
              </value>
            </param>
            <param index="21">
              <value>
                <![CDATA[]]>
              </value>
            </param>
            <param index="22">
              <value>
                <![CDATA[]]>
              </value>
            </param>
            <param index="23">
              <value>
                <![CDATA[]]>
              </value>
            </param>
            <param index="24">
              <value>
                <![CDATA[]]>
              </value>
            </param>
            <param index="25">
              <value>
                <![CDATA[]]>
              </value>
            </param>
            <param index="26">
              <value>
                <![CDATA[]]>
              </value>
            </param>
            <param index="27">
              <value>
                <![CDATA[]]>
              </value>
            </param>
            <param index="28">
              <value>
                <![CDATA[]]>
              </value>
            </param>
            <param index="29">
              <value>
                <![CDATA[]]>
              </value>
            </param>
            <param index="30">
              <value>
                <![CDATA[]]>
              </value>
            </param>
            <param index="31">
              <value>
                <![CDATA[]]>
              </value>
            </param>
            <param index="32">
              <value>
                <![CDATA[]]>
              </value>
            </param>
            <param index="33">
              <value>
                <![CDATA[]]>
              </value>
            </param>
            <param index="34">
              <value>
                <![CDATA[]]>
              </value>
            </param>
            <param index="35">
              <value>
                <![CDATA[]]>
              </value>
            </param>
            <param index="36">
              <value>
                <![CDATA[]]>
              </value>
            </param>
            <param index="37">
              <value>
                <![CDATA[]]>
              </value>
            </param>
            <param index="38">
              <value>
                <![CDATA[]]>
              </value>
            </param>
            <param index="39">
              <value>
                <![CDATA[]]>
              </value>
            </param>
            <param index="40">
              <value>
                <![CDATA[]]>
              </value>
            </param>
            <param index="41">
              <value>
                <![CDATA[]]>
              </value>
            </param>
            <param index="42">
              <value>
                <![CDATA[]]>
              </value>
            </param>
            <param index="43">
              <value>
                <![CDATA[]]>
              </value>
            </param>
            <param index="44">
              <value>
                <![CDATA[]]>
              </value>
            </param>
            <param index="45">
              <value>
                <![CDATA[]]>
              </value>
            </param>
            <param index="46">
              <value>
                <![CDATA[]]>
              </value>
            </param>
            <param index="47">
              <value>
                <![CDATA[]]>
              </value>
            </param>
            <param index="48">
              <value>
                <![CDATA[]]>
              </value>
            </param>
            <param index="49">
              <value>
                <![CDATA[]]>
              </value>
            </param>
            <param index="50">
              <value>
                <![CDATA[]]>
              </value>
            </param>
            <param index="51">
              <value>
                <![CDATA[]]>
              </value>
            </param>
            <param index="52">
              <value>
                <![CDATA[]]>
              </value>
            </param>
            <param index="53">
              <value>
                <![CDATA[]]>
              </value>
            </param>
            <param index="54">
              <value>
                <![CDATA[]]>
              </value>
            </param>
            <param index="55">
              <value>
                <![CDATA[]]>
              </value>
            </param>
            <param index="56">
              <value>
                <![CDATA[]]>
              </value>
            </param>
            <param index="57">
              <value>
                <![CDATA[]]>
              </value>
            </param>
            <param index="58">
              <value>
                <![CDATA[]]>
              </value>
            </param>
            <param index="59">
              <value>
                <![CDATA[]]>
              </value>
            </param>
            <param index="60">
              <value>
                <![CDATA[]]>
              </value>
            </param>
            <param index="61">
              <value>
                <![CDATA[]]>
              </value>
            </param>
            <param index="62">
              <value>
                <![CDATA[]]>
              </value>
            </param>
            <param index="63">
              <value>
                <![CDATA[]]>
              </value>
            </param>
            <param index="64">
              <value>
                <![CDATA[]]>
              </value>
            </param>
          </params>
          <reporter-output>
          </reporter-output>
        </test-method> <!-- AccuPrice -->
        <test-method signature="AccuPrice(java.lang.String,java.lang.String,java.lang.String,java.lang.String,java.lang.String,java.lang.String,java.lang.String,java.lang.String,java.lang.String,java.lang.String,java.lang.String,java.lang.String,java.lang.String,java.lang.String,java.lang.String,java.lang.String,java.lang.String,java.lang.String,java.lang.String,java.lang.String,java.lang.String,java.lang.String,java.lang.String,java.lang.String,java.lang.String,java.lang.String,java.lang.String,java.lang.String,java.lang.String,java.lang.String,java.lang.String,java.lang.String,java.lang.String,java.lang.String,java.lang.String,java.lang.String,java.lang.String,java.lang.String,java.lang.String,java.lang.String,java.lang.String,java.lang.String,java.lang.String,java.lang.String,java.lang.String,java.lang.String,java.lang.String,java.lang.String,java.lang.String,java.lang.String,java.lang.String,java.lang.String,java.lang.String,java.lang.String,java.lang.String,java.lang.String,java.lang.String,java.lang.String,java.lang.String,java.lang.String,java.lang.String,java.lang.String,java.lang.String,java.lang.String,java.lang.String)[pri:0, instance:Suite.OrderFlow@6c4906d3]" started-at="2026-04-07T17:55:06 IST" name="AccuPrice" data-provider="testParameterData" finished-at="2026-04-07T17:55:06 IST" duration-ms="12" status="PASS">
          <params>
            <param index="0">
              <value>
                <![CDATA[5.0]]>
              </value>
            </param>
            <param index="1">
              <value>
                <![CDATA[2 Decimal point]]>
              </value>
            </param>
            <param index="2">
              <value>
                <![CDATA[Dynamic xmpie_AT]]>
              </value>
            </param>
            <param index="3">
              <value>
                <![CDATA[ShipToMyAddress]]>
              </value>
            </param>
            <param index="4">
              <value>
                <![CDATA[Order]]>
              </value>
            </param>
            <param index="5">
              <value>
                <![CDATA[Billing]]>
              </value>
            </param>
            <param index="6">
              <value>
                <![CDATA[]]>
              </value>
            </param>
            <param index="7">
              <value>
                <![CDATA[YES]]>
              </value>
            </param>
            <param index="8">
              <value>
                <![CDATA[YES]]>
              </value>
            </param>
            <param index="9">
              <value>
                <![CDATA[Check_Consolidated_100]]>
              </value>
            </param>
            <param index="10">
              <value>
                <![CDATA[Custom Tax_ON]]>
              </value>
            </param>
            <param index="11">
              <value>
                <![CDATA[ON]]>
              </value>
            </param>
            <param index="12">
              <value>
                <![CDATA[NO_YES]]>
              </value>
            </param>
            <param index="13">
              <value>
                <![CDATA[0.0]]>
              </value>
            </param>
            <param index="14">
              <value>
                <![CDATA[2.0]]>
              </value>
            </param>
            <param index="15">
              <value>
                <![CDATA[0.0]]>
              </value>
            </param>
            <param index="16">
              <value>
                <![CDATA[120.98]]>
              </value>
            </param>
            <param index="17">
              <value>
                <![CDATA[0.0]]>
              </value>
            </param>
            <param index="18">
              <value>
                <![CDATA[120.98]]>
              </value>
            </param>
            <param index="19">
              <value>
                <![CDATA[N]]>
              </value>
            </param>
            <param index="20">
              <value>
                <![CDATA[0.0]]>
              </value>
            </param>
            <param index="21">
              <value>
                <![CDATA[0.0]]>
              </value>
            </param>
            <param index="22">
              <value>
                <![CDATA[0.45]]>
              </value>
            </param>
            <param index="23">
              <value>
                <![CDATA[0.0]]>
              </value>
            </param>
            <param index="24">
              <value>
                <![CDATA[121.88]]>
              </value>
            </param>
            <param index="25">
              <value>
                <![CDATA[N]]>
              </value>
            </param>
            <param index="26">
              <value>
                <![CDATA[0.0]]>
              </value>
            </param>
            <param index="27">
              <value>
                <![CDATA[0.0]]>
              </value>
            </param>
            <param index="28">
              <value>
                <![CDATA[2.85]]>
              </value>
            </param>
            <param index="29">
              <value>
                <![CDATA[0.0]]>
              </value>
            </param>
            <param index="30">
              <value>
                <![CDATA[6.65]]>
              </value>
            </param>
            <param index="31">
              <value>
                <![CDATA[54.62]]>
              </value>
            </param>
            <param index="32">
              <value>
                <![CDATA[240.02]]>
              </value>
            </param>
            <param index="33">
              <value>
                <![CDATA[2.0]]>
              </value>
            </param>
            <param index="34">
              <value>
                <![CDATA[4.0]]>
              </value>
            </param>
            <param index="35">
              <value>
                <![CDATA[--Select--]]>
              </value>
            </param>
            <param index="36">
              <value>
                <![CDATA[0.0]]>
              </value>
            </param>
            <param index="37">
              <value>
                <![CDATA[2.0]]>
              </value>
            </param>
            <param index="38">
              <value>
                <![CDATA[Yes]]>
              </value>
            </param>
            <param index="39">
              <value>
                <![CDATA[Yes]]>
              </value>
            </param>
            <param index="40">
              <value>
                <![CDATA[0.0]]>
              </value>
            </param>
            <param index="41">
              <value>
                <![CDATA[109.24]]>
              </value>
            </param>
            <param index="42">
              <value>
                <![CDATA[0.9]]>
              </value>
            </param>
            <param index="43">
              <value>
                <![CDATA[0.0]]>
              </value>
            </param>
            <param index="44">
              <value>
                <![CDATA[0.0]]>
              </value>
            </param>
            <param index="45">
              <value>
                <![CDATA[0.0]]>
              </value>
            </param>
            <param index="46">
              <value>
                <![CDATA[0.0]]>
              </value>
            </param>
            <param index="47">
              <value>
                <![CDATA[0.0]]>
              </value>
            </param>
            <param index="48">
              <value>
                <![CDATA[0.0]]>
              </value>
            </param>
            <param index="49">
              <value>
                <![CDATA[]]>
              </value>
            </param>
            <param index="50">
              <value>
                <![CDATA[]]>
              </value>
            </param>
            <param index="51">
              <value>
                <![CDATA[]]>
              </value>
            </param>
            <param index="52">
              <value>
                <![CDATA[]]>
              </value>
            </param>
            <param index="53">
              <value>
                <![CDATA[2.25]]>
              </value>
            </param>
            <param index="54">
              <value>
                <![CDATA[2.25]]>
              </value>
            </param>
            <param index="55">
              <value>
                <![CDATA[N]]>
              </value>
            </param>
            <param index="56">
              <value>
                <![CDATA[N]]>
              </value>
            </param>
            <param index="57">
              <value>
                <![CDATA[0.0]]>
              </value>
            </param>
            <param index="58">
              <value>
                <![CDATA[0.0]]>
              </value>
            </param>
            <param index="59">
              <value>
                <![CDATA[0.0]]>
              </value>
            </param>
            <param index="60">
              <value>
                <![CDATA[NO]]>
              </value>
            </param>
            <param index="61">
              <value>
                <![CDATA[NO]]>
              </value>
            </param>
            <param index="62">
              <value>
                <![CDATA[NO]]>
              </value>
            </param>
            <param index="63">
              <value>
                <![CDATA[]]>
              </value>
            </param>
            <param index="64">
              <value>
                <![CDATA[NO]]>
              </value>
            </param>
          </params>
          <reporter-output>
          </reporter-output>
        </test-method> <!-- AccuPrice -->
        <test-method signature="AccuPrice(java.lang.String,java.lang.String,java.lang.String,java.lang.String,java.lang.String,java.lang.String,java.lang.String,java.lang.String,java.lang.String,java.lang.String,java.lang.String,java.lang.String,java.lang.String,java.lang.String,java.lang.String,java.lang.String,java.lang.String,java.lang.String,java.lang.String,java.lang.String,java.lang.String,java.lang.String,java.lang.String,java.lang.String,java.lang.String,java.lang.String,java.lang.String,java.lang.String,java.lang.String,java.lang.String,java.lang.String,java.lang.String,java.lang.String,java.lang.String,java.lang.String,java.lang.String,java.lang.String,java.lang.String,java.lang.String,java.lang.String,java.lang.String,java.lang.String,java.lang.String,java.lang.String,java.lang.String,java.lang.String,java.lang.String,java.lang.String,java.lang.String,java.lang.String,java.lang.String,java.lang.String,java.lang.String,java.lang.String,java.lang.String,java.lang.String,java.lang.String,java.lang.String,java.lang.String,java.lang.String,java.lang.String,java.lang.String,java.lang.String,java.lang.String,java.lang.String)[pri:0, instance:Suite.OrderFlow@6c4906d3]" started-at="2026-04-07T17:55:06 IST" name="AccuPrice" data-provider="testParameterData" finished-at="2026-04-07T17:55:06 IST" duration-ms="7" status="PASS">
          <params>
            <param index="0">
              <value>
                <![CDATA[6.0]]>
              </value>
            </param>
            <param index="1">
              <value>
                <![CDATA[3 Decimal point]]>
              </value>
            </param>
            <param index="2">
              <value>
                <![CDATA[Dynamic xmpie_AT]]>
              </value>
            </param>
            <param index="3">
              <value>
                <![CDATA[ShipToMyAddress]]>
              </value>
            </param>
            <param index="4">
              <value>
                <![CDATA[Order]]>
              </value>
            </param>
            <param index="5">
              <value>
                <![CDATA[Billing]]>
              </value>
            </param>
            <param index="6">
              <value>
                <![CDATA[]]>
              </value>
            </param>
            <param index="7">
              <value>
                <![CDATA[NO]]>
              </value>
            </param>
            <param index="8">
              <value>
                <![CDATA[NO]]>
              </value>
            </param>
            <param index="9">
              <value>
                <![CDATA[Check_Consolidated_45]]>
              </value>
            </param>
            <param index="10">
              <value>
                <![CDATA[Custom Tax_ON]]>
              </value>
            </param>
            <param index="11">
              <value>
                <![CDATA[ON]]>
              </value>
            </param>
            <param index="12">
              <value>
                <![CDATA[NO_YES]]>
              </value>
            </param>
            <param index="13">
              <value>
                <![CDATA[0.0]]>
              </value>
            </param>
            <param index="14">
              <value>
                <![CDATA[3.0]]>
              </value>
            </param>
            <param index="15">
              <value>
                <![CDATA[0.0]]>
              </value>
            </param>
            <param index="16">
              <value>
                <![CDATA[10.742]]>
              </value>
            </param>
            <param index="17">
              <value>
                <![CDATA[0.0]]>
              </value>
            </param>
            <param index="18">
              <value>
                <![CDATA[10.742]]>
              </value>
            </param>
            <param index="19">
              <value>
                <![CDATA[N]]>
              </value>
            </param>
            <param index="20">
              <value>
                <![CDATA[0.0]]>
              </value>
            </param>
            <param index="21">
              <value>
                <![CDATA[0.0]]>
              </value>
            </param>
            <param index="22">
              <value>
                <![CDATA[1.231]]>
              </value>
            </param>
            <param index="23">
              <value>
                <![CDATA[0.0]]>
              </value>
            </param>
            <param index="24">
              <value>
                <![CDATA[14.435]]>
              </value>
            </param>
            <param index="25">
              <value>
                <![CDATA[N]]>
              </value>
            </param>
            <param index="26">
              <value>
                <![CDATA[0.0]]>
              </value>
            </param>
            <param index="27">
              <value>
                <![CDATA[0.0]]>
              </value>
            </param>
            <param index="28">
              <value>
                <![CDATA[4.121]]>
              </value>
            </param>
            <param index="29">
              <value>
                <![CDATA[0.0]]>
              </value>
            </param>
            <param index="30">
              <value>
                <![CDATA[2.057]]>
              </value>
            </param>
            <param index="31">
              <value>
                <![CDATA[9.567]]>
              </value>
            </param>
            <param index="32">
              <value>
                <![CDATA[51.982]]>
              </value>
            </param>
            <param index="33">
              <value>
                <![CDATA[3.0]]>
              </value>
            </param>
            <param index="34">
              <value>
                <![CDATA[2.0]]>
              </value>
            </param>
            <param index="35">
              <value>
                <![CDATA[--Select--]]>
              </value>
            </param>
            <param index="36">
              <value>
                <![CDATA[0.0]]>
              </value>
            </param>
            <param index="37">
              <value>
                <![CDATA[3.0]]>
              </value>
            </param>
            <param index="38">
              <value>
                <![CDATA[Yes]]>
              </value>
            </param>
            <param index="39">
              <value>
                <![CDATA[Yes]]>
              </value>
            </param>
            <param index="40">
              <value>
                <![CDATA[0.0]]>
              </value>
            </param>
            <param index="41">
              <value>
                <![CDATA[28.701]]>
              </value>
            </param>
            <param index="42">
              <value>
                <![CDATA[3.693]]>
              </value>
            </param>
            <param index="43">
              <value>
                <![CDATA[0.0]]>
              </value>
            </param>
            <param index="44">
              <value>
                <![CDATA[0.0]]>
              </value>
            </param>
            <param index="45">
              <value>
                <![CDATA[0.0]]>
              </value>
            </param>
            <param index="46">
              <value>
                <![CDATA[0.0]]>
              </value>
            </param>
            <param index="47">
              <value>
                <![CDATA[0.0]]>
              </value>
            </param>
            <param index="48">
              <value>
                <![CDATA[0.0]]>
              </value>
            </param>
            <param index="49">
              <value>
                <![CDATA[]]>
              </value>
            </param>
            <param index="50">
              <value>
                <![CDATA[]]>
              </value>
            </param>
            <param index="51">
              <value>
                <![CDATA[]]>
              </value>
            </param>
            <param index="52">
              <value>
                <![CDATA[]]>
              </value>
            </param>
            <param index="53">
              <value>
                <![CDATA[6.789]]>
              </value>
            </param>
            <param index="54">
              <value>
                <![CDATA[6.789]]>
              </value>
            </param>
            <param index="55">
              <value>
                <![CDATA[N]]>
              </value>
            </param>
            <param index="56">
              <value>
                <![CDATA[N]]>
              </value>
            </param>
            <param index="57">
              <value>
                <![CDATA[0.0]]>
              </value>
            </param>
            <param index="58">
              <value>
                <![CDATA[0.0]]>
              </value>
            </param>
            <param index="59">
              <value>
                <![CDATA[0.0]]>
              </value>
            </param>
            <param index="60">
              <value>
                <![CDATA[NO]]>
              </value>
            </param>
            <param index="61">
              <value>
                <![CDATA[NO]]>
              </value>
            </param>
            <param index="62">
              <value>
                <![CDATA[NO]]>
              </value>
            </param>
            <param index="63">
              <value>
                <![CDATA[]]>
              </value>
            </param>
            <param index="64">
              <value>
[...]
              <value>
                <![CDATA[]]>
              </value>
            </param>
          </params>
          <reporter-output>
          </reporter-output>
        </test-method> <!-- AccuPrice -->
        <test-method signature="AccuPrice(java.lang.String,java.lang.String,java.lang.String,java.lang.String,java.lang.String,java.lang.String,java.lang.String,java.lang.String,java.lang.String,java.lang.String,java.lang.String,java.lang.String,java.lang.String,java.lang.String,java.lang.String,java.lang.String,java.lang.String,java.lang.String,java.lang.String,java.lang.String,java.lang.String,java.lang.String,java.lang.String,java.lang.String,java.lang.String,java.lang.String,java.lang.String,java.lang.String,java.lang.String,java.lang.String,java.lang.String,java.lang.String,java.lang.String,java.lang.String,java.lang.String,java.lang.String,java.lang.String,java.lang.String,java.lang.String,java.lang.String,java.lang.String,java.lang.String,java.lang.String,java.lang.String,java.lang.String,java.lang.String,java.lang.String,java.lang.String,java.lang.String,java.lang.String,java.lang.String,java.lang.String,java.lang.String,java.lang.String,java.lang.String,java.lang.String,java.lang.String,java.lang.String,java.lang.String,java.lang.String,java.lang.String,java.lang.String,java.lang.String,java.lang.String,java.lang.String)[pri:0, instance:Suite.OrderFlow@6c4906d3]" started-at="2026-04-07T17:55:06 IST" name="AccuPrice" data-provider="testParameterData" finished-at="2026-04-07T17:55:06 IST" duration-ms="2" status="PASS">
          <params>
            <param index="0">
              <value>
                <![CDATA[]]>
              </value>
            </param>
            <param index="1">
              <value>
                <![CDATA[]]>
              </value>
            </param>
            <param index="2">
              <value>
                <![CDATA[]]>
              </value>
            </param>
            <param index="3">
              <value>
                <![CDATA[]]>
              </value>
            </param>
            <param index="4">
              <value>
                <![CDATA[]]>
              </value>
            </param>
            <param index="5">
              <value>
                <![CDATA[]]>
              </value>
            </param>
            <param index="6">
              <value>
                <![CDATA[]]>
              </value>
            </param>
            <param index="7">
              <value>
                <![CDATA[]]>
              </value>
            </param>
            <param index="8">
              <value>
                <![CDATA[]]>
              </value>
            </param>
            <param index="9">
              <value>
                <![CDATA[]]>
              </value>
            </param>
            <param index="10">
              <value>
                <![CDATA[]]>
              </value>
            </param>
            <param index="11">
              <value>
                <![CDATA[]]>
              </value>
            </param>
            <param index="12">
              <value>
                <![CDATA[]]>
              </value>
            </param>
            <param index="13">
              <value>
                <![CDATA[]]>
              </value>
            </param>
            <param index="14">
              <value>
                <![CDATA[]]>
              </value>
            </param>
            <param index="15">
              <value>
                <![CDATA[]]>
              </value>
            </param>
            <param index="16">
              <value>
                <![CDATA[]]>
              </value>
            </param>
            <param index="17">
              <value>
                <![CDATA[]]>
              </value>
            </param>
            <param index="18">
              <value>
                <![CDATA[]]>
              </value>
            </param>
            <param index="19">
              <value>
                <![CDATA[]]>
              </value>
            </param>
            <param index="20">
              <value>
                <![CDATA[]]>
              </value>
            </param>
            <param index="21">
              <value>
                <![CDATA[]]>
              </value>
            </param>
            <param index="22">
              <value>
                <![CDATA[]]>
              </value>
            </param>
            <param index="23">
              <value>
                <![CDATA[]]>
              </value>
            </param>
            <param index="24">
              <value>
                <![CDATA[]]>
              </value>
            </param>
            <param index="25">
              <value>
                <![CDATA[]]>
              </value>
            </param>
            <param index="26">
              <value>
                <![CDATA[]]>
              </value>
            </param>
            <param index="27">
              <value>
                <![CDATA[]]>
              </value>
            </param>
            <param index="28">
              <value>
                <![CDATA[]]>
              </value>
            </param>
            <param index="29">
              <value>
                <![CDATA[]]>
              </value>
            </param>
            <param index="30">
              <value>
                <![CDATA[]]>
              </value>
            </param>
            <param index="31">
              <value>
                <![CDATA[]]>
              </value>
            </param>
            <param index="32">
              <value>
                <![CDATA[]]>
              </value>
            </param>
            <param index="33">
              <value>
                <![CDATA[]]>
              </value>
            </param>
            <param index="34">
              <value>
                <![CDATA[]]>
              </value>
            </param>
            <param index="35">
              <value>
                <![CDATA[]]>
              </value>
            </param>
            <param index="36">
              <value>
                <![CDATA[]]>
              </value>
            </param>
            <param index="37">
              <value>
                <![CDATA[]]>
              </value>
            </param>
            <param index="38">
              <value>
                <![CDATA[]]>
              </value>
            </param>
            <param index="39">
              <value>
                <![CDATA[]]>
              </value>
            </param>
            <param index="40">
              <value>
                <![CDATA[]]>
              </value>
            </param>
            <param index="41">
              <value>
                <![CDATA[]]>
              </value>
            </param>
            <param index="42">
              <value>
                <![CDATA[]]>
              </value>
            </param>
            <param index="43">
              <value>
                <![CDATA[]]>
              </value>
            </param>
            <param index="44">
              <value>
                <![CDATA[]]>
              </value>
            </param>
            <param index="45">
              <value>
                <![CDATA[]]>
              </value>
            </param>
            <param index="46">
              <value>
                <![CDATA[]]>
              </value>
            </param>
            <param index="47">
              <value>
                <![CDATA[]]>
              </value>
            </param>
            <param index="48">
              <value>
                <![CDATA[]]>
              </value>
            </param>
            <param index="49">
              <value>
                <![CDATA[]]>
              </value>
            </param>
            <param index="50">
              <value>
                <![CDATA[]]>
              </value>
            </param>
            <param index="51">
              <value>
                <![CDATA[]]>
              </value>
            </param>
            <param index="52">
              <value>
                <![CDATA[]]>
              </value>
            </param>
            <param index="53">
              <value>
                <![CDATA[]]>
              </value>
            </param>
            <param index="54">
              <value>
                <![CDATA[]]>
              </value>
            </param>
            <param index="55">
              <value>
                <![CDATA[]]>
              </value>
            </param>
            <param index="56">
              <value>
                <![CDATA[]]>
              </value>
            </param>
            <param index="57">
              <value>
                <![CDATA[]]>
              </value>
            </param>
            <param index="58">
              <value>
                <![CDATA[]]>
              </value>
            </param>
            <param index="59">
              <value>
                <![CDATA[]]>
              </value>
            </param>
            <param index="60">
              <value>
                <![CDATA[]]>
              </value>
            </param>
            <param index="61">
              <value>
                <![CDATA[]]>
              </value>
            </param>
            <param index="62">
              <value>
                <![CDATA[]]>
              </value>
            </param>
            <param index="63">
              <value>
                <![CDATA[]]>
              </value>
            </param>
            <param index="64">
              <value>
                <![CDATA[]]>
              </value>
            </param>
          </params>
          <reporter-output>
          </reporter-output>
        </test-method> <!-- AccuPrice -->
        <test-method signature="AccuPrice(java.lang.String,java.lang.String,java.lang.String,java.lang.String,java.lang.String,java.lang.String,java.lang.String,java.lang.String,java.lang.String,java.lang.String,java.lang.String,java.lang.String,java.lang.String,java.lang.String,java.lang.String,java.lang.String,java.lang.String,java.lang.String,java.lang.String,java.lang.String,java.lang.String,java.lang.String,java.lang.String,java.lang.String,java.lang.String,java.lang.String,java.lang.String,java.lang.String,java.lang.String,java.lang.String,java.lang.String,java.lang.String,java.lang.String,java.lang.String,java.lang.String,java.lang.String,java.lang.String,java.lang.String,java.lang.String,java.lang.String,java.lang.String,java.lang.String,java.lang.String,java.lang.String,java.lang.String,java.lang.String,java.lang.String,java.lang.String,java.lang.String,java.lang.String,java.lang.String,java.lang.String,java.lang.String,java.lang.String,java.lang.String,java.lang.String,java.lang.String,java.lang.String,java.lang.String,java.lang.String,java.lang.String,java.lang.String,java.lang.String,java.lang.String,java.lang.String)[pri:0, instance:Suite.OrderFlow@6c4906d3]" started-at="2026-04-07T17:55:06 IST" name="AccuPrice" data-provider="testParameterData" finished-at="2026-04-07T17:55:06 IST" duration-ms="1" status="PASS">
          <params>
            <param index="0">
              <value>
                <![CDATA[]]>
              </value>
            </param>
            <param index="1">
              <value>
                <![CDATA[]]>
              </value>
            </param>
            <param index="2">
              <value>
                <![CDATA[]]>
              </value>
            </param>
            <param index="3">
              <value>
                <![CDATA[]]>
              </value>
            </param>
            <param index="4">
              <value>
                <![CDATA[]]>
              </value>
            </param>
            <param index="5">
              <value>
                <![CDATA[]]>
              </value>
            </param>
            <param index="6">
              <value>
                <![CDATA[]]>
              </value>
            </param>
            <param index="7">
              <value>
                <![CDATA[]]>
              </value>
            </param>
            <param index="8">
              <value>
                <![CDATA[]]>
              </value>
            </param>
            <param index="9">
              <value>
                <![CDATA[]]>
              </value>
            </param>
            <param index="10">
              <value>
                <![CDATA[]]>
              </value>
            </param>
            <param index="11">
              <value>
                <![CDATA[]]>
              </value>
            </param>
            <param index="12">
              <value>
                <![CDATA[]]>
              </value>
            </param>
            <param index="13">
              <value>
                <![CDATA[]]>
              </value>
            </param>
            <param index="14">
              <value>
                <![CDATA[]]>
              </value>
            </param>
            <param index="15">
              <value>
                <![CDATA[]]>
              </value>
            </param>
            <param index="16">
              <value>
                <![CDATA[]]>
              </value>
            </param>
            <param index="17">
              <value>
                <![CDATA[]]>
              </value>
            </param>
            <param index="18">
              <value>
                <![CDATA[]]>
              </value>
            </param>
            <param index="19">
              <value>
                <![CDATA[]]>
              </value>
            </param>
            <param index="20">
              <value>
                <![CDATA[]]>
              </value>
            </param>
            <param index="21">
              <value>
                <![CDATA[]]>
              </value>
            </param>
            <param index="22">
              <value>
                <![CDATA[]]>
              </value>
            </param>
            <param index="23">
              <value>
                <![CDATA[]]>
              </value>
            </param>
            <param index="24">
              <value>
                <![CDATA[]]>
              </value>
            </param>
            <param index="25">
              <value>
                <![CDATA[]]>
              </value>
            </param>
            <param index="26">
              <value>
                <![CDATA[]]>
              </value>
            </param>
            <param index="27">
              <value>
                <![CDATA[]]>
              </value>
            </param>
            <param index="28">
              <value>
                <![CDATA[]]>
              </value>
            </param>
            <param index="29">
              <value>
                <![CDATA[]]>
              </value>
            </param>
            <param index="30">
              <value>
                <![CDATA[]]>
              </value>
            </param>
            <param index="31">
              <value>
                <![CDATA[]]>
              </value>
            </param>
            <param index="32">
              <value>
                <![CDATA[]]>
              </value>
            </param>
            <param index="33">
              <value>
                <![CDATA[]]>
              </value>
            </param>
            <param index="34">
              <value>
                <![CDATA[]]>
              </value>
            </param>
            <param index="35">
              <value>
                <![CDATA[]]>
              </value>
            </param>
            <param index="36">
              <value>
                <![CDATA[]]>
              </value>
            </param>
            <param index="37">
              <value>
                <![CDATA[]]>
              </value>
            </param>
            <param index="38">
              <value>
                <![CDATA[]]>
              </value>
            </param>
            <param index="39">
              <value>
                <![CDATA[]]>
              </value>
            </param>
            <param index="40">
              <value>
                <![CDATA[]]>
              </value>
            </param>
            <param index="41">
              <value>
                <![CDATA[]]>
              </value>
            </param>
            <param index="42">
              <value>
                <![CDATA[]]>
              </value>
            </param>
            <param index="43">
              <value>
                <![CDATA[]]>
              </value>
            </param>
            <param index="44">
              <value>
                <![CDATA[]]>
              </value>
            </param>
            <param index="45">
              <value>
                <![CDATA[]]>
              </value>
            </param>
            <param index="46">
              <value>
                <![CDATA[]]>
              </value>
            </param>
            <param index="47">
              <value>
                <![CDATA[]]>
              </value>
            </param>
            <param index="48">
              <value>
                <![CDATA[]]>
              </value>
            </param>
            <param index="49">
              <value>
                <![CDATA[]]>
              </value>
            </param>
            <param index="50">
              <value>
                <![CDATA[]]>
              </value>
            </param>
            <param index="51">
              <value>
                <![CDATA[]]>
              </value>
            </param>
            <param index="52">
              <value>
                <![CDATA[]]>
              </value>
            </param>
            <param index="53">
              <value>
                <![CDATA[]]>
              </value>
            </param>
            <param index="54">
              <value>
                <![CDATA[]]>
              </value>
            </param>
            <param index="55">
              <value>
                <![CDATA[]]>
              </value>
            </param>
            <param index="56">
              <value>
                <![CDATA[]]>
              </value>
            </param>
            <param index="57">
              <value>
                <![CDATA[]]>
              </value>
            </param>
            <param index="58">
              <value>
                <![CDATA[]]>
              </value>
            </param>
            <param index="59">
              <value>
                <![CDATA[]]>
              </value>
            </param>
            <param index="60">
              <value>
                <![CDATA[]]>
              </value>
            </param>
            <param index="61">
              <value>
                <![CDATA[]]>
              </value>
            </param>
            <param index="62">
              <value>
                <![CDATA[]]>
              </value>
            </param>
            <param index="63">
              <value>
                <![CDATA[]]>
              </value>
            </param>
            <param index="64">
              <value>
                <![CDATA[]]>
              </value>
            </param>
          </params>
          <reporter-output>
          </reporter-output>
        </test-method> <!-- AccuPrice -->
        <test-method is-config="true" signature="stop()[pri:0, instance:Suite.OrderFlow@6c4906d3]" started-at="2026-04-07T17:55:06 IST" name="stop" finished-at="2026-04-07T17:55:07 IST" duration-ms="350" status="PASS">
          <reporter-output>
          </reporter-output>
        </test-method> <!-- stop -->
      </class> <!-- Suite.OrderFlow -->
    </test> <!-- Default test -->
  </suite> <!-- Default suite -->
</testng-results>
