<?xml version="1.0" encoding="UTF-8"?>
<!-- Generated by org.testng.reporters.JUnitReportReporter -->
<testsuite hostname="DESKTOP-2I3T2A3" failures="0" tests="59" name="Suite.OrderFlow" time="791.034" errors="0" timestamp="2026-04-07T17:55:08 IST" skipped="0">
  <testcase classname="Suite.OrderFlow" name="AccuPrice" time="0.004"/>
  <testcase classname="Suite.OrderFlow" name="AccuPrice" time="0.003"/>
  <testcase classname="Suite.OrderFlow" name="AccuPrice" time="0.008"/>
  <testcase classname="Suite.OrderFlow" name="AccuPrice" time="0.003"/>
  <testcase classname="Suite.OrderFlow" name="AccuPrice" time="0.006"/>
  <testcase classname="Suite.OrderFlow" name="AccuPrice" time="0.004"/>
  <testcase classname="Suite.OrderFlow" name="AccuPrice" time="0.003"/>
  <testcase classname="Suite.OrderFlow" name="AccuPrice" time="0.005"/>
  <testcase classname="Suite.OrderFlow" name="AccuPrice" time="0.002"/>
  <testcase classname="Suite.OrderFlow" name="AccuPrice" time="790.758"/>
  <testcase classname="Suite.OrderFlow" name="AccuPrice" time="0.004"/>
  <testcase classname="Suite.OrderFlow" name="AccuPrice" time="0.004"/>
  <testcase classname="Suite.OrderFlow" name="AccuPrice" time="0.001"/>
  <testcase classname="Suite.OrderFlow" name="AccuPrice" time="0.007"/>
  <testcase classname="Suite.OrderFlow" name="AccuPrice" time="0.003"/>
  <testcase classname="Suite.OrderFlow" name="AccuPrice" time="0.007"/>
  <testcase classname="Suite.OrderFlow" name="AccuPrice" time="0.003"/>
  <testcase classname="Suite.OrderFlow" name="AccuPrice" time="0.007"/>
  <testcase classname="Suite.OrderFlow" name="AccuPrice" time="0.011"/>
  <testcase classname="Suite.OrderFlow" name="AccuPrice" time="0.009"/>
  <testcase classname="Suite.OrderFlow" name="AccuPrice" time="0.005"/>
  <testcase classname="Suite.OrderFlow" name="AccuPrice" time="0.005"/>
  <testcase classname="Suite.OrderFlow" name="AccuPrice" time="0.002"/>
  <testcase classname="Suite.OrderFlow" name="AccuPrice" time="0.004"/>
  <testcase classname="Suite.OrderFlow" name="AccuPrice" time="0.007"/>
  <testcase classname="Suite.OrderFlow" name="AccuPrice" time="0.003"/>
  <testcase classname="Suite.OrderFlow" name="AccuPrice" time="0.003"/>
  <testcase classname="Suite.OrderFlow" name="AccuPrice" time="0.006"/>
  <testcase classname="Suite.OrderFlow" name="AccuPrice" time="0.003"/>
  <testcase classname="Suite.OrderFlow" name="AccuPrice" time="0.002"/>
  <testcase classname="Suite.OrderFlow" name="AccuPrice" time="0.002"/>
  <testcase classname="Suite.OrderFlow" name="AccuPrice" time="0.003"/>
  <testcase classname="Suite.OrderFlow" name="AccuPrice" time="0.005"/>
  <testcase classname="Suite.OrderFlow" name="AccuPrice" time="0.007"/>
  <testcase classname="Suite.OrderFlow" name="AccuPrice" time="0.006"/>
  <testcase classname="Suite.OrderFlow" name="AccuPrice" time="0.002"/>
  <testcase classname="Suite.OrderFlow" name="AccuPrice" time="0.001"/>
  <testcase classname="Suite.OrderFlow" name="AccuPrice" time="0.001"/>
  <testcase classname="Suite.OrderFlow" name="AccuPrice" time="0.001"/>
  <testcase classname="Suite.OrderFlow" name="AccuPrice" time="0.006"/>
  <testcase classname="Suite.OrderFlow" name="AccuPrice" time="0.005"/>
  <testcase classname="Suite.OrderFlow" name="AccuPrice" time="0.002"/>
  <testcase classname="Suite.OrderFlow" name="AccuPrice" time="0.003"/>
  <testcase classname="Suite.OrderFlow" name="AccuPrice" time="0.005"/>
  <testcase classname="Suite.OrderFlow" name="AccuPrice" time="0.020"/>
  <testcase classname="Suite.OrderFlow" name="AccuPrice" time="0.001"/>
  <testcase classname="Suite.OrderFlow" name="AccuPrice" time="0.004"/>
  <testcase classname="Suite.OrderFlow" name="AccuPrice" time="0.004"/>
  <testcase classname="Suite.OrderFlow" name="AccuPrice" time="0.006"/>
  <testcase classname="Suite.OrderFlow" name="AccuPrice" time="0.003"/>
  <testcase classname="Suite.OrderFlow" name="AccuPrice" time="0.003"/>
  <testcase classname="Suite.OrderFlow" name="AccuPrice" time="0.005"/>
  <testcase classname="Suite.OrderFlow" name="AccuPrice" time="0.012"/>
  <testcase classname="Suite.OrderFlow" name="AccuPrice" time="0.004"/>
  <testcase classname="Suite.OrderFlow" name="AccuPrice" time="0.007"/>
  <testcase classname="Suite.OrderFlow" name="AccuPrice" time="0.003"/>
  <testcase classname="Suite.OrderFlow" name="AccuPrice" time="0.014"/>
  <testcase classname="Suite.OrderFlow" name="AccuPrice" time="0.001"/>
  <testcase classname="Suite.OrderFlow" name="AccuPrice" time="0.006"/>
</testsuite> <!-- Suite.OrderFlow -->
